17:09:2021, 9:34 am
data: 
-------------------------------------------------------------------------------------
17:09:2021, 9:36 am
data: 
-------------------------------------------------------------------------------------
17:09:2021, 9:36 am
data: 
-------------------------------------------------------------------------------------
17:09:2021, 9:38 am
data: 
-------------------------------------------------------------------------------------
17:09:2021, 9:38 am
data: 
-------------------------------------------------------------------------------------
17:09:2021, 9:40 am
data: 
-------------------------------------------------------------------------------------
17:09:2021, 9:41 am
data: 
-------------------------------------------------------------------------------------
17:09:2021, 9:42 am
data: 
-------------------------------------------------------------------------------------
17:09:2021, 9:42 am
data: 
-------------------------------------------------------------------------------------
17:09:2021, 9:42 am
data: 
-------------------------------------------------------------------------------------
17:09:2021, 9:44 am
data: 
-------------------------------------------------------------------------------------
17:09:2021, 9:44 am
data: 
-------------------------------------------------------------------------------------
17:09:2021, 9:44 am
data: 
-------------------------------------------------------------------------------------
17:09:2021, 9:46 am
data: 
-------------------------------------------------------------------------------------
17:09:2021, 9:47 am
data: {"data": {"status":"processing","thank_url":"https:\/\/72.arrowhitech.net\/tn2\/MBD2101P_site01\/?page_id=7&order-received=315&key=wc_order_6uzRfZ3C66Vyl"}}



-------------------------------------------------------------------------------------
17:09:2021, 9:48 am
data: {"data": {"status":"processing","thank_url":"https:\/\/72.arrowhitech.net\/tn2\/MBD2101P_site01\/?page_id=7&order-received=315&key=wc_order_6uzRfZ3C66Vyl"}}
-------------------------------------------------------------------------------------
17:09:2021, 9:48 am
data: {"status":"processing","thank_url":"https:\/\/72.arrowhitech.net\/tn2\/MBD2101P_site01\/?page_id=7&order-received=356&key=wc_order_HzLj5hwl0yao0"}
-------------------------------------------------------------------------------------
17:09:2021, 9:48 am
data: {"data": {"status":"processing","thank_url":"https:\/\/72.arrowhitech.net\/tn2\/MBD2101P_site01\/?page_id=7&order-received=315&key=wc_order_6uzRfZ3C66Vyl"}}



-------------------------------------------------------------------------------------
17:09:2021, 9:48 am
data: {"data": {"status":"processing","thank_url":"https:\/\/72.arrowhitech.net\/tn2\/MBD2101P_site01\/?page_id=7&order-received=315&key=wc_order_6uzRfZ3C66Vyl"}}
-------------------------------------------------------------------------------------
17:09:2021, 9:49 am
data: {"status":"processing","thank_url":"https:\/\/72.arrowhitech.net\/tn2\/MBD2101P_site01\/?page_id=7&order-received=357&key=wc_order_g52MR2RSlDjki"}
-------------------------------------------------------------------------------------
17:09:2021, 9:50 am
data: {"status":"processing","thank_url":"https:\/\/72.arrowhitech.net\/tn2\/MBD2101P_site01\/?page_id=7&order-received=358&key=wc_order_H8Ydco6JVzN0B"}
-------------------------------------------------------------------------------------
17:09:2021, 9:53 am
data: {
-------------------------------------------------------------------------------------
17:09:2021, 9:54 am
data: {
-------------------------------------------------------------------------------------
17:09:2021, 9:55 am
data: {
-------------------------------------------------------------------------------------
17:09:2021, 9:56 am
data: {
-------------------------------------------------------------------------------------
17:09:2021, 9:56 am
data: {
-------------------------------------------------------------------------------------
17:09:2021, 9:58 am
data: {
-------------------------------------------------------------------------------------
17:09:2021, 9:58 am
data: {
-------------------------------------------------------------------------------------
17:09:2021, 9:59 am
data: {"data": {"status":"processing","thank_url":"https:\/\/72.arrowhitech.net\/tn2\/MBD2101P_site01\/?page_id=7&order-received=315&key=wc_order_6uzRfZ3C66Vyl"}}
-------------------------------------------------------------------------------------
17:09:2021, 9:59 am
data: {"data": {"status":"processing","thank_url":"https:\/\/72.arrowhitech.net\/tn2\/MBD2101P_site01\/?page_id=7&order-received=315&key=wc_order_6uzRfZ3C66Vyl"}}
-------------------------------------------------------------------------------------
17:09:2021, 10:00 am
data: {"data": {"status":"processing","thank_url":"https:\/\/72.arrowhitech.net\/tn2\/MBD2101P_site01\/?page_id=7&order-received=315&key=wc_order_6uzRfZ3C66Vyl"}}
-------------------------------------------------------------------------------------
17:09:2021, 10:00 am
data: {"status":"processing","thank_url":"https:\/\/72.arrowhitech.net\/tn2\/MBD2101P_site01\/?page_id=7&order-received=315&key=wc_order_6uzRfZ3C66Vyl"}
-------------------------------------------------------------------------------------
17:09:2021, 10:01 am
data: {"status":"processing","thank_url":"https:\/\/72.arrowhitech.net\/tn2\/MBD2101P_site01\/?page_id=7&order-received=315&key=wc_order_6uzRfZ3C66Vyl"}
-------------------------------------------------------------------------------------
17:09:2021, 10:01 am
data: {"status":"processing","thank_url":"https:\/\/72.arrowhitech.net\/tn2\/MBD2101P_site01\/?page_id=7&order-received=315&key=wc_order_6uzRfZ3C66Vyl"}
-------------------------------------------------------------------------------------
17:09:2021, 10:01 am
data: {"status":"processing","thank_url":"https:\/\/72.arrowhitech.net\/tn2\/MBD2101P_site01\/?page_id=7&order-received=315&key=wc_order_6uzRfZ3C66Vyl"}
-------------------------------------------------------------------------------------
17:09:2021, 10:02 am
data: {"status":"processing","thank_url":"https:\/\/72.arrowhitech.net\/tn2\/MBD2101P_site01\/?page_id=7&order-received=315&key=wc_order_6uzRfZ3C66Vyl"}
-------------------------------------------------------------------------------------
17:09:2021, 10:02 am
data: {"status":"processing","thank_url":"https:\/\/72.arrowhitech.net\/tn2\/MBD2101P_site01\/?page_id=7&order-received=359&key=wc_order_YhmNyepkMd1wS"}
-------------------------------------------------------------------------------------
17:09:2021, 10:03 am
data: {"status":"processing","thank_url":"https:\/\/72.arrowhitech.net\/tn2\/MBD2101P_site01\/?page_id=7&order-received=315&key=wc_order_6uzRfZ3C66Vyl"}
-------------------------------------------------------------------------------------
17:09:2021, 10:03 am
data: {"amount":40,"orderId":77,"saleTimestamp":"2021-09-08 09:08:13","storeGuid":"https:\/\/72.arrowhitech.net\/tn2\/MBD2101P_site01","storeName":"Hard","storeIP":"hard"}
-------------------------------------------------------------------------------------
17:09:2021, 10:11 am
data: Array
-------------------------------------------------------------------------------------
17:09:2021, 10:11 am
data: 
-------------------------------------------------------------------------------------
17:09:2021, 10:11 am
data: Array
-------------------------------------------------------------------------------------
17:09:2021, 10:13 am
data: Array
-------------------------------------------------------------------------------------
17:09:2021, 10:13 am
data: Array
-------------------------------------------------------------------------------------
17:09:2021, 10:15 am
data: Array
-------------------------------------------------------------------------------------
17:09:2021, 10:17 am
data: Array
-------------------------------------------------------------------------------------
17:09:2021, 10:17 am
data: 
-------------------------------------------------------------------------------------
17:09:2021, 10:17 am
data: 
-------------------------------------------------------------------------------------
17:09:2021, 10:18 am
data: 
-------------------------------------------------------------------------------------
17:09:2021, 10:18 am
data: 
-------------------------------------------------------------------------------------
17:09:2021, 10:18 am
data: 
-------------------------------------------------------------------------------------
17:09:2021, 10:18 am
data: 
-------------------------------------------------------------------------------------
17:09:2021, 10:19 am
data: 
-------------------------------------------------------------------------------------
17:09:2021, 10:21 am
data: 
-------------------------------------------------------------------------------------
17:09:2021, 10:23 am
data: {"status":"processing","thank_url":"https:\/\/72.arrowhitech.net\/tn2\/MBD2101P_site01\/?page_id=7&order-received=315&key=wc_order_6uzRfZ3C66Vyl"}
-------------------------------------------------------------------------------------
17:09:2021, 10:24 am
data: {"status":"processing","thank_url":"https:\/\/72.arrowhitech.net\/tn2\/MBD2101P_site01\/?page_id=7&order-received=315&key=wc_order_6uzRfZ3C66Vyl"}
-------------------------------------------------------------------------------------
17:09:2021, 10:25 am
data: {"status":"processing","thank_url":"https:\/\/72.arrowhitech.net\/tn2\/MBD2101P_site01\/?page_id=7&order-received=315&key=wc_order_6uzRfZ3C66Vyl"}
-------------------------------------------------------------------------------------
17:09:2021, 10:26 am
data: 
-------------------------------------------------------------------------------------
17:09:2021, 10:26 am
data: 
-------------------------------------------------------------------------------------
17:09:2021, 10:27 am
data: 
-------------------------------------------------------------------------------------
17:09:2021, 10:28 am
data: 
-------------------------------------------------------------------------------------
17:09:2021, 10:28 am
data: 
-------------------------------------------------------------------------------------
17:09:2021, 10:28 am
data: 
-------------------------------------------------------------------------------------
17:09:2021, 10:29 am
data: 
-------------------------------------------------------------------------------------
17:09:2021, 10:29 am
data: 
-------------------------------------------------------------------------------------
20:09:2021, 1:01 am
data: 
-------------------------------------------------------------------------------------
20:09:2021, 2:09 am
data: 
-------------------------------------------------------------------------------------
20:09:2021, 2:17 am
data: 
-------------------------------------------------------------------------------------
20:09:2021, 2:18 am
data: 
-------------------------------------------------------------------------------------
20:09:2021, 2:18 am
data: 
-------------------------------------------------------------------------------------
20:09:2021, 2:30 am
data: 
-------------------------------------------------------------------------------------
20:09:2021, 2:32 am
data: 
-------------------------------------------------------------------------------------
20:09:2021, 2:34 am
data: 
-------------------------------------------------------------------------------------
20:09:2021, 2:34 am
data: 
-------------------------------------------------------------------------------------
20:09:2021, 2:35 am
data: 
-------------------------------------------------------------------------------------
20:09:2021, 2:35 am
data: {
-------------------------------------------------------------------------------------
20:09:2021, 2:35 am
data: {
-------------------------------------------------------------------------------------
20:09:2021, 2:37 am
data: {
-------------------------------------------------------------------------------------
20:09:2021, 2:37 am
data: {
-------------------------------------------------------------------------------------
20:09:2021, 4:16 am
data: 
-------------------------------------------------------------------------------------
20:09:2021, 4:20 am
data: 
-------------------------------------------------------------------------------------
20:09:2021, 4:21 am
data: 
-------------------------------------------------------------------------------------
20:09:2021, 4:22 am
data: 
-------------------------------------------------------------------------------------
20:09:2021, 4:24 am
data: 
-------------------------------------------------------------------------------------
20:09:2021, 4:25 am
data: 
-------------------------------------------------------------------------------------
20:09:2021, 4:27 am
data: 
-------------------------------------------------------------------------------------
20:09:2021, 4:32 am
data: 
-------------------------------------------------------------------------------------
20:09:2021, 4:34 am
data: {"data": {"status":"processing","thank_url":"https:\/\/72.arrowhitech.net\/tn2\/MBD2101P_site01\/?page_id=7&order-received=315&key=wc_order_6uzRfZ3C66Vyl"}}
-------------------------------------------------------------------------------------
20:09:2021, 4:36 am
data: {"status":"processing","thank_url":null}
-------------------------------------------------------------------------------------
20:09:2021, 4:42 am
data: {"status":"processing","thank_url":null}
-------------------------------------------------------------------------------------
20:09:2021, 7:01 am
data: {"status":"processing","thank_url":"https:\/\/72.arrowhitech.net\/tn2\/MBD2101P_site01\/?page_id=7&order-received=306&key=wc_order_7Pbe4jHkAKyVF"}
-------------------------------------------------------------------------------------
20:09:2021, 7:01 am
data: {"status":"processing","thank_url":"https:\/\/72.arrowhitech.net\/tn2\/MBD2101P_site01\/?page_id=7&order-received=306&key=wc_order_7Pbe4jHkAKyVF"}
-------------------------------------------------------------------------------------
20:09:2021, 7:33 am
data: {"status":"processing","thank_url":"https:\/\/72.arrowhitech.net\/tn2\/MBD2101P_site01\/?page_id=7&order-received=306&key=wc_order_7Pbe4jHkAKyVF"}
-------------------------------------------------------------------------------------
20:09:2021, 7:35 am
data: {"status":"processing","thank_url":"https:\/\/72.arrowhitech.net\/tn2\/MBD2101P_site01\/?page_id=7&order-received=306&key=wc_order_7Pbe4jHkAKyVF"}
-------------------------------------------------------------------------------------
20:09:2021, 7:37 am
data: {"status":"processing","thank_url":"https:\/\/72.arrowhitech.net\/tn2\/MBD2101P_site01\/?page_id=7&order-received=306&key=wc_order_7Pbe4jHkAKyVF"}
-------------------------------------------------------------------------------------
20:09:2021, 7:38 am
data: {"status":"processing","thank_url":"https:\/\/72.arrowhitech.net\/tn2\/MBD2101P_site01\/?page_id=7&order-received=306&key=wc_order_7Pbe4jHkAKyVF"}
-------------------------------------------------------------------------------------
20:09:2021, 7:42 am
data: {"status":"processing","thank_url":"https:\/\/72.arrowhitech.net\/tn2\/MBD2101P_site01\/?page_id=7&order-received=306&key=wc_order_7Pbe4jHkAKyVF"}
-------------------------------------------------------------------------------------
20:09:2021, 7:46 am
data: {"status":"processing","thank_url":"https:\/\/72.arrowhitech.net\/tn2\/MBD2101P_site01\/?page_id=7&order-received=306&key=wc_order_7Pbe4jHkAKyVF"}
-------------------------------------------------------------------------------------
21:09:2021, 1:33 am
data: {
    "amount": 2,
    "orderId": 123,
    "saleTimestamp": "thoi_gian",
    "storeGuid": "url",
    "storeName": "Store_name",
    "storeIP": "Store_IP",
    "Billing": {
        "billing_first_name":"First_name",
        "billing_last_name":"billing_last_name",
        "billing_company":"billing_company",
        "billing_country":"billing_country",
        "billing_phone":"billing_phone",
        "billing_address_1":"billing_address_1",
        "billing_postcode":"billing_postcode",
        "billing_city":"billing_city",
        "customer_note":"customer_note"
    }
}
-------------------------------------------------------------------------------------
21:09:2021, 1:34 am
data: {"status":"processing","thank_url":"https:\/\/72.arrowhitech.net\/tn2\/MBD2101P_site01\/?page_id=7&order-received=306&key=wc_order_7Pbe4jHkAKyVF"}
-------------------------------------------------------------------------------------
21:09:2021, 1:34 am
data: {"status":"processing","thank_url":"https:\/\/72.arrowhitech.net\/tn2\/MBD2101P_site01\/?page_id=7&order-received=306&key=wc_order_7Pbe4jHkAKyVF"}
-------------------------------------------------------------------------------------
21:09:2021, 1:38 am
data: {"status":"processing","thank_url":"https:\/\/72.arrowhitech.net\/tn2\/MBD2101P_site01\/?page_id=7&order-received=306&key=wc_order_7Pbe4jHkAKyVF"}
-------------------------------------------------------------------------------------
21:09:2021, 1:45 am
data: {"status":"processing","thank_url":null}
-------------------------------------------------------------------------------------
21:09:2021, 1:54 am
data: 
-------------------------------------------------------------------------------------
21:09:2021, 1:58 am
data: 
-------------------------------------------------------------------------------------
21:09:2021, 2:00 am
data: data: {"status":"processing","thank_url":"https:\/\/72.arrowhitech.net\/tn2\/MBD2101P_site01\/?page_id=7&order-received=306&key=wc_order_7Pbe4jHkAKyVF"}
-------------------------------------------------------------------------------------
21:09:2021, 2:00 am
data: data: {"status":"processing","thank_url":"https:\/\/72.arrowhitech.net\/tn2\/MBD2101P_site01\/?page_id=7&order-received=306&key=wc_order_7Pbe4jHkAKyVF"}
-------------------------------------------------------------------------------------
21:09:2021, 2:25 am
data: {"status":"processing","thank_url":"https:\/\/72.arrowhitech.net\/tn2\/MBD2101P_site01\/?page_id=7&order-received=472&key=wc_order_J51zNRJ2C1Uk3"}
-------------------------------------------------------------------------------------
21:09:2021, 2:26 am
data: {"status":"processing","thank_url":"https:\/\/72.arrowhitech.net\/tn2\/MBD2101P_site01\/?page_id=7&order-received=473&key=wc_order_Egi4gnTB3vmgB"}
-------------------------------------------------------------------------------------
21:09:2021, 2:28 am
data: {"status":"processing","thank_url":"https:\/\/72.arrowhitech.net\/tn2\/MBD2101P_site01\/?page_id=7&order-received=306&key=wc_order_7Pbe4jHkAKyVF"}
-------------------------------------------------------------------------------------
21:09:2021, 2:28 am
data: Array
-------------------------------------------------------------------------------------
21:09:2021, 2:30 am
data: Array
-------------------------------------------------------------------------------------
21:09:2021, 2:32 am
data: {"status":"processing","thank_url":"https:\/\/72.arrowhitech.net\/tn2\/MBD2101P_site01\/?page_id=7&order-received=306&key=wc_order_7Pbe4jHkAKyVF"}
-------------------------------------------------------------------------------------
21:09:2021, 2:35 am
data: {"status":"processing","thank_url":"https:\/\/72.arrowhitech.net\/tn2\/MBD2101P_site01\/?page_id=7&order-received=474&key=wc_order_f05EQnem0VAcG"}
-------------------------------------------------------------------------------------
21:09:2021, 2:36 am
data: {"status":"processing","thank_url":"https:\/\/72.arrowhitech.net\/tn2\/MBD2101P_site01\/?page_id=7&order-received=475&key=wc_order_Ncb48IWMWDdJ7"}
-------------------------------------------------------------------------------------
21:09:2021, 2:39 am
data: {"status":"processing","thank_url":"https:\/\/72.arrowhitech.net\/tn2\/MBD2101P_site01\/?page_id=7&order-received=476&key=wc_order_Pva7aJauoFBrj"}
-------------------------------------------------------------------------------------
21:09:2021, 2:42 am
data: 
-------------------------------------------------------------------------------------
21:09:2021, 2:43 am
data: 
-------------------------------------------------------------------------------------
21:09:2021, 2:52 am
data: Array
-------------------------------------------------------------------------------------
21:09:2021, 2:53 am
data: Array
-------------------------------------------------------------------------------------
21:09:2021, 2:54 am
data: Array
-------------------------------------------------------------------------------------
21:09:2021, 2:59 am
data: Array
-------------------------------------------------------------------------------------
21:09:2021, 3:01 am
data: Array
-------------------------------------------------------------------------------------
21:09:2021, 3:01 am
data: Array
-------------------------------------------------------------------------------------
21:09:2021, 3:01 am
data: Array
-------------------------------------------------------------------------------------
21:09:2021, 3:02 am
data: {"status":"processing","thank_url":"https:\/\/72.arrowhitech.net\/tn2\/MBD2101P_site01\/?page_id=7&order-received=484&key=wc_order_fCRJYkk2LwRBz"}
-------------------------------------------------------------------------------------
21:09:2021, 3:07 am
data: {"status":"processing","thank_url":"https:\/\/72.arrowhitech.net\/tn2\/MBD2101P_site01\/?page_id=7&order-received=488&key=wc_order_aQiMgpkEqeBw2"}
-------------------------------------------------------------------------------------
21:09:2021, 3:09 am
data: {"status":"processing","thank_url":"https:\/\/72.arrowhitech.net\/tn2\/MBD2101P_site01\/?page_id=7&order-received=490&key=wc_order_4uJLfo8D1gLIB"}
-------------------------------------------------------------------------------------
21:09:2021, 3:13 am
data: {"status":"processing","thank_url":"https:\/\/72.arrowhitech.net\/tn2\/MBD2101P_site01\/?page_id=7&order-received=492&key=wc_order_BpF3bLUOFSt3f"}
-------------------------------------------------------------------------------------
21:09:2021, 3:19 am
data: Logm ok
-------------------------------------------------------------------------------------
21:09:2021, 3:25 am
data: Logm ok
-------------------------------------------------------------------------------------
21:09:2021, 3:45 am
data: {"status":"processing","thank_url":"https:\/\/72.arrowhitech.net\/tn2\/MBD2101P_site01\/?page_id=7&order-received=306&key=wc_order_7Pbe4jHkAKyVF"}
-------------------------------------------------------------------------------------
21:09:2021, 3:47 am
data: {"order_id":"186", "status":"processing","thank_url":"https:\/\/72.arrowhitech.net\/tn2\/MBD2101P_site01\/?page_id=7&order-received=306&key=wc_order_7Pbe4jHkAKyVF"}
-------------------------------------------------------------------------------------
21:09:2021, 3:50 am
data: 
-------------------------------------------------------------------------------------
21:09:2021, 3:51 am
data: 186
-------------------------------------------------------------------------------------
21:09:2021, 3:53 am
data: completed
-------------------------------------------------------------------------------------
21:09:2021, 3:54 am
data: completed
-------------------------------------------------------------------------------------
21:09:2021, 3:55 am
data: completed
-------------------------------------------------------------------------------------
21:09:2021, 3:59 am
data: completed
-------------------------------------------------------------------------------------
21:09:2021, 4:00 am
data: completed
-------------------------------------------------------------------------------------
21:09:2021, 4:04 am
data: completed
-------------------------------------------------------------------------------------
21:09:2021, 4:04 am
data: pending
-------------------------------------------------------------------------------------
21:09:2021, 4:04 am
data: pending
-------------------------------------------------------------------------------------
21:09:2021, 4:06 am
data: completed
-------------------------------------------------------------------------------------
21:09:2021, 4:12 am
data: pending
-------------------------------------------------------------------------------------
21:09:2021, 4:12 am
data: pending
-------------------------------------------------------------------------------------
21:09:2021, 4:13 am
data: completed
-------------------------------------------------------------------------------------
21:09:2021, 4:13 am
data: pending
-------------------------------------------------------------------------------------
21:09:2021, 4:15 am
data: completed
-------------------------------------------------------------------------------------
21:09:2021, 4:20 am
data: completed
-------------------------------------------------------------------------------------
21:09:2021, 4:22 am
data: completed
-------------------------------------------------------------------------------------
21:09:2021, 4:24 am
data: completed
-------------------------------------------------------------------------------------
21:09:2021, 4:27 am
data: completed
-------------------------------------------------------------------------------------
21:09:2021, 4:30 am
data: completed
-------------------------------------------------------------------------------------
21:09:2021, 6:34 am
data: completed
-------------------------------------------------------------------------------------
21:09:2021, 6:40 am
data: completed
-------------------------------------------------------------------------------------
21:09:2021, 6:42 am
data: completed
-------------------------------------------------------------------------------------
21:09:2021, 6:42 am
data: completed
-------------------------------------------------------------------------------------
21:09:2021, 6:43 am
data: completed
-------------------------------------------------------------------------------------
21:09:2021, 6:43 am
data: completed
-------------------------------------------------------------------------------------
21:09:2021, 6:45 am
data: completed
-------------------------------------------------------------------------------------
21:09:2021, 6:47 am
data: completed
-------------------------------------------------------------------------------------
21:09:2021, 6:47 am
data: completed
-------------------------------------------------------------------------------------
21:09:2021, 6:48 am
data: completed
-------------------------------------------------------------------------------------
21:09:2021, 6:57 am
data: completed
-------------------------------------------------------------------------------------
21:09:2021, 7:01 am
data: completed
-------------------------------------------------------------------------------------
21:09:2021, 7:01 am
data: completed
-------------------------------------------------------------------------------------
21:09:2021, 7:02 am
data: completed
-------------------------------------------------------------------------------------
21:09:2021, 7:02 am
data: completed
-------------------------------------------------------------------------------------
21:09:2021, 7:03 am
data: completed
-------------------------------------------------------------------------------------
21:09:2021, 7:03 am
data: completed
-------------------------------------------------------------------------------------
21:09:2021, 7:08 am
data: completed
-------------------------------------------------------------------------------------
21:09:2021, 7:09 am
data: completed
-------------------------------------------------------------------------------------
21:09:2021, 7:09 am
data: completed
-------------------------------------------------------------------------------------
21:09:2021, 7:14 am
data: completed
-------------------------------------------------------------------------------------
21:09:2021, 7:14 am
data: completed
-------------------------------------------------------------------------------------
21:09:2021, 7:15 am
data: completed
-------------------------------------------------------------------------------------
21:09:2021, 7:16 am
data: completed
-------------------------------------------------------------------------------------
21:09:2021, 7:19 am
data: completed
-------------------------------------------------------------------------------------
21:09:2021, 7:19 am
data: pending
-------------------------------------------------------------------------------------
21:09:2021, 7:20 am
data: completed
-------------------------------------------------------------------------------------
21:09:2021, 7:20 am
data: pending
-------------------------------------------------------------------------------------
21:09:2021, 7:21 am
data: completed
-------------------------------------------------------------------------------------
21:09:2021, 7:23 am
data: completed
-------------------------------------------------------------------------------------
21:09:2021, 7:24 am
data: completed
-------------------------------------------------------------------------------------
21:09:2021, 7:25 am
data: pending
-------------------------------------------------------------------------------------
21:09:2021, 7:26 am
data: completed
-------------------------------------------------------------------------------------
21:09:2021, 7:31 am
data: completed
-------------------------------------------------------------------------------------
21:09:2021, 7:32 am
data: completed
-------------------------------------------------------------------------------------
21:09:2021, 7:32 am
data: completed
-------------------------------------------------------------------------------------
21:09:2021, 7:33 am
data: completed
-------------------------------------------------------------------------------------
21:09:2021, 7:39 am
data: completed
-------------------------------------------------------------------------------------
21:09:2021, 7:40 am
data: completed
-------------------------------------------------------------------------------------
21:09:2021, 7:41 am
data: completed
-------------------------------------------------------------------------------------
21:09:2021, 7:42 am
data: completed
-------------------------------------------------------------------------------------
21:09:2021, 7:42 am
data: completed
-------------------------------------------------------------------------------------
21:09:2021, 7:43 am
data: completed
-------------------------------------------------------------------------------------
21:09:2021, 7:43 am
data: completed
-------------------------------------------------------------------------------------
21:09:2021, 7:44 am
data: completed
-------------------------------------------------------------------------------------
21:09:2021, 7:47 am
data: completed
-------------------------------------------------------------------------------------
21:09:2021, 7:48 am
data: completed
-------------------------------------------------------------------------------------
21:09:2021, 7:48 am
data: completed
-------------------------------------------------------------------------------------
21:09:2021, 7:49 am
data: completed
-------------------------------------------------------------------------------------
21:09:2021, 7:50 am
data: completed
-------------------------------------------------------------------------------------
21:09:2021, 7:52 am
data: completed
-------------------------------------------------------------------------------------
21:09:2021, 7:53 am
data: completed
-------------------------------------------------------------------------------------
21:09:2021, 7:54 am
data: completed
-------------------------------------------------------------------------------------
21:09:2021, 7:55 am
data: completed
-------------------------------------------------------------------------------------
21:09:2021, 7:56 am
data: completed
-------------------------------------------------------------------------------------
21:09:2021, 7:57 am
data: completed
-------------------------------------------------------------------------------------
21:09:2021, 7:59 am
data: completed
-------------------------------------------------------------------------------------
21:09:2021, 8:00 am
data: completed
-------------------------------------------------------------------------------------
21:09:2021, 8:01 am
data: completed
-------------------------------------------------------------------------------------
21:09:2021, 8:22 am
data: completed
-------------------------------------------------------------------------------------
21:09:2021, 8:53 am
data: completed
-------------------------------------------------------------------------------------
21:09:2021, 9:57 am
data: pending
-------------------------------------------------------------------------------------
21:09:2021, 9:57 am
data: pending
-------------------------------------------------------------------------------------
21:09:2021, 9:58 am
data: completed
-------------------------------------------------------------------------------------
21:09:2021, 9:59 am
data: completed
-------------------------------------------------------------------------------------
21:09:2021, 10:00 am
data: completed
-------------------------------------------------------------------------------------
21:09:2021, 10:13 am
data: completed
-------------------------------------------------------------------------------------
21:09:2021, 10:33 am
data: completed
-------------------------------------------------------------------------------------
21:09:2021, 10:34 am
data: completed
-------------------------------------------------------------------------------------
21:09:2021, 10:35 am
data: completed
-------------------------------------------------------------------------------------
21:09:2021, 10:54 am
data: completed
-------------------------------------------------------------------------------------
22:09:2021, 1:19 am
data: completed
-------------------------------------------------------------------------------------
22:09:2021, 1:21 am
data: completed
-------------------------------------------------------------------------------------
22:09:2021, 1:29 am
data: completed
-------------------------------------------------------------------------------------
22:09:2021, 1:35 am
data: completed
-------------------------------------------------------------------------------------
22:09:2021, 1:36 am
data: pending
-------------------------------------------------------------------------------------
22:09:2021, 1:38 am
data: completed
-------------------------------------------------------------------------------------
22:09:2021, 1:42 am
data: completed
-------------------------------------------------------------------------------------
22:09:2021, 1:42 am
data: pending
-------------------------------------------------------------------------------------
22:09:2021, 1:43 am
data: pending
-------------------------------------------------------------------------------------
22:09:2021, 1:43 am
data: pending
-------------------------------------------------------------------------------------
22:09:2021, 1:55 am
data: completed
-------------------------------------------------------------------------------------
22:09:2021, 2:02 am
data: completed
-------------------------------------------------------------------------------------
22:09:2021, 2:37 am
data: pending
-------------------------------------------------------------------------------------
22:09:2021, 3:18 am
data: completed
-------------------------------------------------------------------------------------
22:09:2021, 3:26 am
data: completed
-------------------------------------------------------------------------------------
